0 info it worked if it ends with ok
1 verbose cli [ 'C:\\Program Files\\nodejs\\\\node.exe',
1 verbose cli   'C:\\Program Files\\nodejs\\node_modules\\npm\\bin\\npm-cli.js',
1 verbose cli   'install',
1 verbose cli   'httpx',
1 verbose cli   '-g' ]
2 info using npm@1.3.5
3 info using node@v0.10.15
4 verbose node symlink C:\Program Files\nodejs\\node.exe
5 verbose cache add [ 'httpx', null ]
6 verbose cache add name=undefined spec="httpx" args=["httpx",null]
7 verbose parsed url { protocol: null,
7 verbose parsed url   slashes: null,
7 verbose parsed url   auth: null,
7 verbose parsed url   host: null,
7 verbose parsed url   port: null,
7 verbose parsed url   hostname: null,
7 verbose parsed url   hash: null,
7 verbose parsed url   search: null,
7 verbose parsed url   query: null,
7 verbose parsed url   pathname: 'httpx',
7 verbose parsed url   path: 'httpx',
7 verbose parsed url   href: 'httpx' }
8 silly lockFile f79177b0-httpx httpx
9 verbose lock httpx C:\Users\czy-dell\AppData\Roaming\npm-cache\f79177b0-httpx.lock
10 silly lockFile f79177b0-httpx httpx
11 silly lockFile f79177b0-httpx httpx
12 verbose addNamed [ 'httpx', '' ]
13 verbose addNamed [ null, '*' ]
14 silly lockFile 0a107cbc-httpx httpx@
15 verbose lock httpx@ C:\Users\czy-dell\AppData\Roaming\npm-cache\0a107cbc-httpx.lock
16 silly addNameRange { name: 'httpx', range: '*', hasData: false }
17 verbose url raw httpx
18 verbose url resolving [ 'https://registry.npmjs.org/', './httpx' ]
19 verbose url resolved https://registry.npmjs.org/httpx
20 info trying registry request attempt 1 at 18:20:22
21 http GET https://registry.npmjs.org/httpx
22 http 200 https://registry.npmjs.org/httpx
23 silly registry.get cb [ 200,
23 silly registry.get   { vary: 'Accept',
23 silly registry.get     server: 'CouchDB/1.3.1 (Erlang OTP/R15B03)',
23 silly registry.get     etag: '"EB4MAX8V92HU9J83YLV69XK4Y"',
23 silly registry.get     date: 'Wed, 28 Aug 2013 10:20:24 GMT',
23 silly registry.get     'content-type': 'application/json',
23 silly registry.get     'content-length': '7648' } ]
24 silly addNameRange number 2 { name: 'httpx', range: '*', hasData: true }
25 silly addNameRange versions [ 'httpx', [ '0.0.0', '0.0.1', '0.0.2', '0.0.3' ] ]
26 verbose addNamed [ 'httpx', '0.0.3' ]
27 verbose addNamed [ '0.0.3', '0.0.3' ]
28 silly lockFile dd86859d-httpx-0-0-3 httpx@0.0.3
29 verbose lock httpx@0.0.3 C:\Users\czy-dell\AppData\Roaming\npm-cache\dd86859d-httpx-0-0-3.lock
30 silly lockFile dd86859d-httpx-0-0-3 httpx@0.0.3
31 silly lockFile dd86859d-httpx-0-0-3 httpx@0.0.3
32 silly lockFile 0a107cbc-httpx httpx@
33 silly lockFile 0a107cbc-httpx httpx@
34 silly resolved [ { author: { name: 'Harry', email: 'czy88840616@gmail.com' },
34 silly resolved     name: 'httpx',
34 silly resolved     description: 'A resources proxy tools for engineer',
34 silly resolved     main: './lib/cmd',
34 silly resolved     version: '0.0.3',
34 silly resolved     keywords: [ 'proxy', 'assets' ],
34 silly resolved     bugs: { url: 'https://github.com/czy88840616/httpx/issues' },
34 silly resolved     repository: { type: 'git', url: 'git://github.com/czy88840616/httpx.git' },
34 silly resolved     bin: { tt: './bin/tt' },
34 silly resolved     engines: { node: '>=0.8.0' },
34 silly resolved     licenses: [ [Object] ],
34 silly resolved     dependencies:
34 silly resolved      { 'iconv-lite': '0.2.10',
34 silly resolved        express: '3.2.6',
34 silly resolved        mkdirp: '0.3.5',
34 silly resolved        colors: '0.6.0-1',
34 silly resolved        async: '0.2.9',
34 silly resolved        underscore: '1.4.4',
34 silly resolved        optimist: '0.5.2',
34 silly resolved        nconf: '0.6.7',
34 silly resolved        request: '2.25.0',
34 silly resolved        walkdir: '0.0.7',
34 silly resolved        consolidate: '0.4.0',
34 silly resolved        jazz: '0.0.18',
34 silly resolved        'combo-url-parser': '0.0.2',
34 silly resolved        fileutil: '1.1.1',
34 silly resolved        'combined-stream': '0.0.4' },
34 silly resolved     readme: '# Httpx\r\n\r\nHttpx是新一代的资源代理工具，使用最灵活的规则来作为基础，可以适应不同的代理需求。\r\n\r\n## 安装\r\n\r\nwindows:\r\n```\r\nnpm install -g httpx\r\n```\r\nlinux/mac:\r\n```bash\r\n$ sudo npm install -g httpx\r\n```\r\n\r\n## 使用\r\n1. 在命令行输入tt，默认端口为80，可以使用```tt -p xxxx```来修改端口\r\n2. 打开 ```http://127.0.0.1:xxxx```访问首页进行配置\r\n3. enjoy it\r\n\r\n## 参数\r\n\r\n * -p [number] 端口号\r\n * -v 当前版本\r\n\r\n##详细文档\r\nhttps://github.com/czy88840616/httpx/wiki\r\n\r\n## License\r\nAvalon-node 遵守 "MIT"：https://github.com/czy88840616/httpx/blob/master/LICENSE.md 协议\r\n',
34 silly resolved     readmeFilename: 'README.md',
34 silly resolved     _id: 'httpx@0.0.3',
34 silly resolved     _from: 'httpx@' } ]
35 info install httpx@0.0.3 into C:\Users\czy-dell\AppData\Roaming\npm
36 info installOne httpx@0.0.3
37 info C:\Users\czy-dell\AppData\Roaming\npm\node_modules\httpx unbuild
38 info preuninstall httpx@0.0.3
39 info uninstall httpx@0.0.3
40 verbose true,C:\Users\czy-dell\AppData\Roaming\npm\node_modules,C:\Users\czy-dell\AppData\Roaming\npm\node_modules unbuild httpx@0.0.3
41 verbose C:\Users\czy-dell\AppData\Roaming\npm,[object Object] binRoot
42 info postuninstall httpx@0.0.3
43 verbose tar unpack C:\Users\czy-dell\AppData\Roaming\npm-cache\httpx\0.0.3\package.tgz
44 silly lockFile ed0f56bc-a-Roaming-npm-node-modules-httpx tar://C:\Users\czy-dell\AppData\Roaming\npm\node_modules\httpx
45 verbose lock tar://C:\Users\czy-dell\AppData\Roaming\npm\node_modules\httpx C:\Users\czy-dell\AppData\Roaming\npm-cache\ed0f56bc-a-Roaming-npm-node-modules-httpx.lock
46 silly lockFile 0cff95b7-pm-cache-httpx-0-0-3-package-tgz tar://C:\Users\czy-dell\AppData\Roaming\npm-cache\httpx\0.0.3\package.tgz
47 verbose lock tar://C:\Users\czy-dell\AppData\Roaming\npm-cache\httpx\0.0.3\package.tgz C:\Users\czy-dell\AppData\Roaming\npm-cache\0cff95b7-pm-cache-httpx-0-0-3-package-tgz.lock
48 silly gunzTarPerm modes [ '755', '644' ]
49 silly gunzTarPerm extractEntry package.json
50 silly gunzTarPerm modified mode [ 'package.json', 438, 420 ]
51 silly gunzTarPerm extractEntry .npmignore
52 silly gunzTarPerm modified mode [ '.npmignore', 438, 420 ]
53 silly gunzTarPerm extractEntry README.md
54 silly gunzTarPerm modified mode [ 'README.md', 438, 420 ]
55 silly gunzTarPerm extractEntry httpx.iml
56 silly gunzTarPerm modified mode [ 'httpx.iml', 438, 420 ]
57 silly gunzTarPerm extractEntry httpx.ipr
58 silly gunzTarPerm modified mode [ 'httpx.ipr', 438, 420 ]
59 silly gunzTarPerm extractEntry httpx.iws
60 silly gunzTarPerm modified mode [ 'httpx.iws', 438, 420 ]
61 silly gunzTarPerm extractEntry bin/tt
62 silly gunzTarPerm modified mode [ 'bin/tt', 438, 420 ]
63 silly gunzTarPerm extractEntry LICENSE.md
64 silly gunzTarPerm modified mode [ 'LICENSE.md', 438, 420 ]
65 silly gunzTarPerm extractEntry test/cache.js
66 silly gunzTarPerm modified mode [ 'test/cache.js', 438, 420 ]
67 silly gunzTarPerm extractEntry test/test.js
68 silly gunzTarPerm modified mode [ 'test/test.js', 438, 420 ]
69 silly gunzTarPerm extractEntry CHANGELOG.md
70 silly gunzTarPerm modified mode [ 'CHANGELOG.md', 438, 420 ]
71 silly gunzTarPerm extractEntry server/app.js
72 silly gunzTarPerm modified mode [ 'server/app.js', 438, 420 ]
73 silly gunzTarPerm extractEntry server/public/guide.js
74 silly gunzTarPerm modified mode [ 'server/public/guide.js', 438, 420 ]
75 silly gunzTarPerm extractEntry server/public/index.js
76 silly gunzTarPerm modified mode [ 'server/public/index.js', 438, 420 ]
77 silly gunzTarPerm extractEntry server/public/index.css
78 silly gunzTarPerm modified mode [ 'server/public/index.css', 438, 420 ]
79 silly gunzTarPerm extractEntry server/public/font-awesome/css/font-awesome-ie7.css
80 silly gunzTarPerm modified mode [ 'server/public/font-awesome/css/font-awesome-ie7.css',
80 silly gunzTarPerm   438,
80 silly gunzTarPerm   420 ]
81 silly gunzTarPerm extractEntry server/public/font-awesome/css/font-awesome-ie7.min.css
82 silly gunzTarPerm modified mode [ 'server/public/font-awesome/css/font-awesome-ie7.min.css',
82 silly gunzTarPerm   438,
82 silly gunzTarPerm   420 ]
83 silly gunzTarPerm extractEntry server/public/font-awesome/css/font-awesome.css
84 silly gunzTarPerm modified mode [ 'server/public/font-awesome/css/font-awesome.css', 438, 420 ]
85 silly gunzTarPerm extractEntry server/public/font-awesome/css/font-awesome.min.css
86 silly gunzTarPerm modified mode [ 'server/public/font-awesome/css/font-awesome.min.css',
86 silly gunzTarPerm   438,
86 silly gunzTarPerm   420 ]
87 silly gunzTarPerm extractEntry server/public/font-awesome/font/fontawesome-webfont.eot
88 silly gunzTarPerm modified mode [ 'server/public/font-awesome/font/fontawesome-webfont.eot',
88 silly gunzTarPerm   438,
88 silly gunzTarPerm   420 ]
89 silly gunzTarPerm extractEntry server/public/font-awesome/font/fontawesome-webfont.svg
90 silly gunzTarPerm modified mode [ 'server/public/font-awesome/font/fontawesome-webfont.svg',
90 silly gunzTarPerm   438,
90 silly gunzTarPerm   420 ]
91 silly gunzTarPerm extractEntry server/public/font-awesome/font/fontawesome-webfont.ttf
92 silly gunzTarPerm modified mode [ 'server/public/font-awesome/font/fontawesome-webfont.ttf',
92 silly gunzTarPerm   438,
92 silly gunzTarPerm   420 ]
93 error Error: ENOENT, lstat 'C:\Users\czy-dell\AppData\Roaming\npm\node_modules\httpx\CHANGELOG.md'
94 error If you need help, you may report this log at:
94 error     <http://github.com/isaacs/npm/issues>
94 error or email it to:
94 error     <npm-@googlegroups.com>
95 error System Windows_NT 6.1.7601
96 error command "C:\\Program Files\\nodejs\\\\node.exe" "C:\\Program Files\\nodejs\\node_modules\\npm\\bin\\npm-cli.js" "install" "httpx" "-g"
97 error cwd D:\project\avalon-node
98 error node -v v0.10.15
99 error npm -v 1.3.5
100 error path C:\Users\czy-dell\AppData\Roaming\npm\node_modules\httpx\CHANGELOG.md
101 error fstream_path C:\Users\czy-dell\AppData\Roaming\npm\node_modules\httpx\CHANGELOG.md
102 error fstream_type File
103 error fstream_class FileWriter
104 error code ENOENT
105 error errno 34
106 error fstream_stack C:\Program Files\nodejs\node_modules\npm\node_modules\fstream\lib\writer.js:284:26
106 error fstream_stack Object.oncomplete (fs.js:107:15)
107 verbose exit [ 34, true ]
